0 info it worked if it ends with ok
1 verbose cli [ 'node',
1 verbose cli   '/usr/local/lib/node_modules/pm2/lib/ProcessContainerFork.js',
1 verbose cli   'start',
1 verbose cli   '--name',
1 verbose cli   'Brandslisten-Calendar' ]
2 info using npm@1.3.10
3 info using node@v0.10.25
4 verbose node symlink /usr/bin/node
5 error Error: ENOENT, open '/var/www/calendar/node_modules/Brandslisten-Calendar/package.json'
6 error If you need help, you may report this log at:
6 error     <http://github.com/isaacs/npm/issues>
6 error or email it to:
6 error     <npm-@googlegroups.com>
7 error System Linux 3.19.0-59-generic
8 error command "node" "/usr/local/lib/node_modules/pm2/lib/ProcessContainerFork.js" "start" "--name" "Brandslisten-Calendar"
9 error cwd /var/www/calendar
10 error node -v v0.10.25
11 error npm -v 1.3.10
12 error path /var/www/calendar/node_modules/Brandslisten-Calendar/package.json
13 error code ENOENT
14 error errno 34
15 verbose exit [ 34, true ]
